<?xml version="1.0" encoding="UTF-8"?>
<!-- Generated by org.testng.reporters.JUnitReportReporter -->
<testsuite hostname="Welcome-PC" name="NopCom.TestSuit" tests="2" failures="0" timestamp="25 Apr 2018 12:28:49 GMT" time="32.215" errors="0">
  <testcase name="electronicPage" time="12.283" classname="NopCom.TestSuit"/>
  <testcase name="jewelryPage" time="19.932" classname="NopCom.TestSuit"/>
</testsuite> <!-- NopCom.TestSuit -->
